{"C:\\Users\\343GuiltySpark\\Desktop\\SE_Project\\SocialBook\\DOMS-Backend\\app.js": {"path":"C:\\Users\\343GuiltySpark\\Desktop\\SE_Project\\SocialBook\\DOMS-Backend\\app.js","statementMap":{"0":{"start":{"line":1,"column":16},"end":{"line":1,"column":34}},"1":{"start":{"line":2,"column":13},"end":{"line":2,"column":28}},"2":{"start":{"line":3,"column":22},"end":{"line":3,"column":60}},"3":{"start":{"line":4,"column":11},"end":{"line":4,"column":41}},"4":{"start":{"line":5,"column":23},"end":{"line":5,"column":63}},"5":{"start":{"line":6,"column":23},"end":{"line":6,"column":63}},"6":{"start":{"line":7,"column":31},"end":{"line":7,"column":79}},"7":{"start":{"line":8,"column":23},"end":{"line":8,"column":63}},"8":{"start":{"line":9,"column":25},"end":{"line":9,"column":67}},"9":{"start":{"line":10,"column":27},"end":{"line":10,"column":71}},"10":{"start":{"line":11,"column":24},"end":{"line":11,"column":42}},"11":{"start":{"line":13,"column":12},"end":{"line":13,"column":21}},"12":{"start":{"line":16,"column":0},"end":{"line":16,"column":24}},"13":{"start":{"line":17,"column":0},"end":{"line":17,"column":23}},"14":{"start":{"line":18,"column":0},"end":{"line":18,"column":16}},"15":{"start":{"line":19,"column":0},"end":{"line":21,"column":3}},"16":{"start":{"line":23,"column":0},"end":{"line":25,"column":3}},"17":{"start":{"line":24,"column":4},"end":{"line":24,"column":29}},"18":{"start":{"line":27,"column":0},"end":{"line":27,"column":37}},"19":{"start":{"line":28,"column":0},"end":{"line":28,"column":37}},"20":{"start":{"line":29,"column":0},"end":{"line":29,"column":44}},"21":{"start":{"line":30,"column":0},"end":{"line":30,"column":37}},"22":{"start":{"line":31,"column":0},"end":{"line":31,"column":40}},"23":{"start":{"line":32,"column":0},"end":{"line":32,"column":43}},"24":{"start":{"line":34,"column":0},"end":{"line":34,"column":21}}},"fnMap":{"0":{"name":"(anonymous_0)","decl":{"start":{"line":23,"column":16},"end":{"line":23,"column":17}},"loc":{"start":{"line":23,"column":30},"end":{"line":25,"column":1}},"line":23}},"branchMap":{},"s":{"0":1,"1":1,"2":1,"3":1,"4":1,"5":1,"6":1,"7":1,"8":1,"9":1,"10":1,"11":1,"12":1,"13":1,"14":1,"15":1,"16":1,"17":1,"18":1,"19":1,"20":1,"21":1,"22":1,"23":1,"24":1},"f":{"0":1},"b":{},"_coverageSchema":"1a1c01bbd47fc00a2c39e90264f33305004495a9","hash":"31d2f8e56e493ca2e64d9b3259872ee8b19cb1d1"}
,"C:\\Users\\343GuiltySpark\\Desktop\\SE_Project\\SocialBook\\DOMS-Backend\\config.js": {"path":"C:\\Users\\343GuiltySpark\\Desktop\\SE_Project\\SocialBook\\DOMS-Backend\\config.js","statementMap":{"0":{"start":{"line":1,"column":0},"end":{"line":1,"column":27}},"1":{"start":{"line":3,"column":13},"end":{"line":3,"column":29}},"2":{"start":{"line":4,"column":20},"end":{"line":4,"column":43}},"3":{"start":{"line":5,"column":15},"end":{"line":5,"column":33}},"4":{"start":{"line":6,"column":23},"end":{"line":6,"column":49}},"5":{"start":{"line":8,"column":0},"end":{"line":13,"column":2}}},"fnMap":{},"branchMap":{},"s":{"0":1,"1":1,"2":1,"3":1,"4":1,"5":1},"f":{},"b":{},"_coverageSchema":"1a1c01bbd47fc00a2c39e90264f33305004495a9","hash":"eebebbf166b2ad501be46eb6b6a8c94527c4df48"}
,"C:\\Users\\343GuiltySpark\\Desktop\\SE_Project\\SocialBook\\DOMS-Backend\\controllers\\auth_controller.js": {"path":"C:\\Users\\343GuiltySpark\\Desktop\\SE_Project\\SocialBook\\DOMS-Backend\\controllers\\auth_controller.js","statementMap":{"0":{"start":{"line":1,"column":16},"end":{"line":1,"column":34}},"1":{"start":{"line":2,"column":23},"end":{"line":2,"column":39}},"2":{"start":{"line":3,"column":15},"end":{"line":3,"column":34}},"3":{"start":{"line":4,"column":26},"end":{"line":4,"column":63}},"4":{"start":{"line":5,"column":21},"end":{"line":5,"column":54}},"5":{"start":{"line":6,"column":13},"end":{"line":6,"column":38}},"6":{"start":{"line":8,"column":0},"end":{"line":53,"column":3}},"7":{"start":{"line":9,"column":29},"end":{"line":9,"column":54}},"8":{"start":{"line":10,"column":30},"end":{"line":10,"column":56}},"9":{"start":{"line":11,"column":21},"end":{"line":11,"column":38}},"10":{"start":{"line":12,"column":32},"end":{"line":12,"column":60}},"11":{"start":{"line":13,"column":32},"end":{"line":13,"column":60}},"12":{"start":{"line":14,"column":29},"end":{"line":14,"column":54}},"13":{"start":{"line":16,"column":27},"end":{"line":16,"column":55}},"14":{"start":{"line":18,"column":4},"end":{"line":52,"column":6}},"15":{"start":{"line":28,"column":12},"end":{"line":37,"column":13}},"16":{"start":{"line":30,"column":20},"end":{"line":32,"column":65}},"17":{"start":{"line":33,"column":16},"end":{"line":36,"column":19}},"18":{"start":{"line":39,"column":26},"end":{"line":39,"column":57}},"19":{"start":{"line":40,"column":12},"end":{"line":50,"column":15}},"20":{"start":{"line":55,"column":0},"end":{"line":100,"column":3}},"21":{"start":{"line":56,"column":30},"end":{"line":56,"column":56}},"22":{"start":{"line":57,"column":21},"end":{"line":57,"column":38}},"23":{"start":{"line":59,"column":4},"end":{"line":99,"column":5}},"24":{"start":{"line":60,"column":29},"end":{"line":62,"column":10}},"25":{"start":{"line":64,"column":8},"end":{"line":67,"column":9}},"26":{"start":{"line":65,"column":12},"end":{"line":65,"column":59}},"27":{"start":{"line":66,"column":12},"end":{"line":66,"column":83}},"28":{"start":{"line":69,"column":30},"end":{"line":69,"column":81}},"29":{"start":{"line":70,"column":8},"end":{"line":75,"column":9}},"30":{"start":{"line":71,"column":12},"end":{"line":71,"column":44}},"31":{"start":{"line":72,"column":12},"end":{"line":74,"column":81}},"32":{"start":{"line":77,"column":22},"end":{"line":77,"column":53}},"33":{"start":{"line":78,"column":8},"end":{"line":78,"column":39}},"34":{"start":{"line":79,"column":8},"end":{"line":89,"column":11}},"35":{"start":{"line":91,"column":8},"end":{"line":98,"column":9}},"36":{"start":{"line":92,"column":12},"end":{"line":92,"column":55}},"37":{"start":{"line":93,"column":12},"end":{"line":93,"column":27}},"38":{"start":{"line":94,"column":12},"end":{"line":97,"column":15}},"39":{"start":{"line":104,"column":0},"end":{"line":139,"column":3}},"40":{"start":{"line":105,"column":21},"end":{"line":105,"column":38}},"41":{"start":{"line":106,"column":22},"end":{"line":106,"column":40}},"42":{"start":{"line":107,"column":21},"end":{"line":107,"column":38}},"43":{"start":{"line":108,"column":24},"end":{"line":108,"column":44}},"44":{"start":{"line":110,"column":27},"end":{"line":110,"column":55}},"45":{"start":{"line":111,"column":4},"end":{"line":138,"column":6}},"46":{"start":{"line":119,"column":12},"end":{"line":126,"column":13}},"47":{"start":{"line":121,"column":20},"end":{"line":121,"column":83}},"48":{"start":{"line":122,"column":16},"end":{"line":125,"column":19}},"49":{"start":{"line":127,"column":26},"end":{"line":127,"column":49}},"50":{"start":{"line":128,"column":12},"end":{"line":136,"column":15}},"51":{"start":{"line":141,"column":0},"end":{"line":182,"column":3}},"52":{"start":{"line":142,"column":22},"end":{"line":142,"column":40}},"53":{"start":{"line":143,"column":21},"end":{"line":143,"column":38}},"54":{"start":{"line":144,"column":4},"end":{"line":181,"column":5}},"55":{"start":{"line":145,"column":21},"end":{"line":145,"column":65}},"56":{"start":{"line":146,"column":8},"end":{"line":146,"column":26}},"57":{"start":{"line":147,"column":8},"end":{"line":153,"column":9}},"58":{"start":{"line":148,"column":12},"end":{"line":148,"column":43}},"59":{"start":{"line":149,"column":12},"end":{"line":152,"column":15}},"60":{"start":{"line":154,"column":30},"end":{"line":154,"column":73}},"61":{"start":{"line":155,"column":8},"end":{"line":155,"column":35}},"62":{"start":{"line":156,"column":8},"end":{"line":161,"column":9}},"63":{"start":{"line":157,"column":12},"end":{"line":157,"column":46}},"64":{"start":{"line":158,"column":12},"end":{"line":160,"column":81}},"65":{"start":{"line":162,"column":22},"end":{"line":162,"column":45}},"66":{"start":{"line":163,"column":8},"end":{"line":171,"column":11}},"67":{"start":{"line":173,"column":8},"end":{"line":180,"column":9}},"68":{"start":{"line":174,"column":12},"end":{"line":174,"column":46}},"69":{"start":{"line":175,"column":12},"end":{"line":179,"column":15}},"70":{"start":{"line":184,"column":0},"end":{"line":184,"column":32}}},"fnMap":{"0":{"name":"(anonymous_0)","decl":{"start":{"line":8,"column":37},"end":{"line":8,"column":38}},"loc":{"start":{"line":8,"column":51},"end":{"line":53,"column":1}},"line":8},"1":{"name":"(anonymous_1)","decl":{"start":{"line":27,"column":8},"end":{"line":27,"column":9}},"loc":{"start":{"line":27,"column":31},"end":{"line":51,"column":9}},"line":27},"2":{"name":"(anonymous_2)","decl":{"start":{"line":55,"column":34},"end":{"line":55,"column":35}},"loc":{"start":{"line":55,"column":54},"end":{"line":100,"column":1}},"line":55},"3":{"name":"(anonymous_3)","decl":{"start":{"line":104,"column":38},"end":{"line":104,"column":39}},"loc":{"start":{"line":104,"column":58},"end":{"line":139,"column":1}},"line":104},"4":{"name":"(anonymous_4)","decl":{"start":{"line":118,"column":8},"end":{"line":118,"column":9}},"loc":{"start":{"line":118,"column":21},"end":{"line":137,"column":9}},"line":118},"5":{"name":"(anonymous_5)","decl":{"start":{"line":141,"column":35},"end":{"line":141,"column":36}},"loc":{"start":{"line":141,"column":55},"end":{"line":182,"column":1}},"line":141}},"branchMap":{"0":{"loc":{"start":{"line":28,"column":12},"end":{"line":37,"column":13}},"type":"if","locations":[{"start":{"line":28,"column":12},"end":{"line":37,"column":13}},{"start":{},"end":{}}],"line":28},"1":{"loc":{"start":{"line":30,"column":20},"end":{"line":32,"column":65}},"type":"cond-expr","locations":[{"start":{"line":31,"column":26},"end":{"line":31,"column":48}},{"start":{"line":32,"column":26},"end":{"line":32,"column":65}}],"line":30},"2":{"loc":{"start":{"line":64,"column":8},"end":{"line":67,"column":9}},"type":"if","locations":[{"start":{"line":64,"column":8},"end":{"line":67,"column":9}},{"start":{},"end":{}}],"line":64},"3":{"loc":{"start":{"line":70,"column":8},"end":{"line":75,"column":9}},"type":"if","locations":[{"start":{"line":70,"column":8},"end":{"line":75,"column":9}},{"start":{},"end":{}}],"line":70},"4":{"loc":{"start":{"line":91,"column":8},"end":{"line":98,"column":9}},"type":"if","locations":[{"start":{"line":91,"column":8},"end":{"line":98,"column":9}},{"start":{},"end":{}}],"line":91},"5":{"loc":{"start":{"line":119,"column":12},"end":{"line":126,"column":13}},"type":"if","locations":[{"start":{"line":119,"column":12},"end":{"line":126,"column":13}},{"start":{},"end":{}}],"line":119},"6":{"loc":{"start":{"line":121,"column":20},"end":{"line":121,"column":83}},"type":"cond-expr","locations":[{"start":{"line":121,"column":38},"end":{"line":121,"column":63}},{"start":{"line":121,"column":66},"end":{"line":121,"column":83}}],"line":121},"7":{"loc":{"start":{"line":147,"column":8},"end":{"line":153,"column":9}},"type":"if","locations":[{"start":{"line":147,"column":8},"end":{"line":153,"column":9}},{"start":{},"end":{}}],"line":147},"8":{"loc":{"start":{"line":156,"column":8},"end":{"line":161,"column":9}},"type":"if","locations":[{"start":{"line":156,"column":8},"end":{"line":161,"column":9}},{"start":{},"end":{}}],"line":156},"9":{"loc":{"start":{"line":173,"column":8},"end":{"line":180,"column":9}},"type":"if","locations":[{"start":{"line":173,"column":8},"end":{"line":180,"column":9}},{"start":{},"end":{}}],"line":173}},"s":{"0":1,"1":1,"2":1,"3":1,"4":1,"5":1,"6":1,"7":0,"8":0,"9":0,"10":0,"11":0,"12":0,"13":0,"14":0,"15":0,"16":0,"17":0,"18":0,"19":0,"20":1,"21":0,"22":0,"23":0,"24":0,"25":0,"26":0,"27":0,"28":0,"29":0,"30":0,"31":0,"32":0,"33":0,"34":0,"35":0,"36":0,"37":0,"38":0,"39":1,"40":0,"41":0,"42":0,"43":0,"44":0,"45":0,"46":0,"47":0,"48":0,"49":0,"50":0,"51":1,"52":1,"53":1,"54":1,"55":1,"56":1,"57":1,"58":0,"59":0,"60":1,"61":1,"62":1,"63":0,"64":0,"65":1,"66":1,"67":0,"68":0,"69":0,"70":1},"f":{"0":0,"1":0,"2":0,"3":0,"4":0,"5":1},"b":{"0":[0,0],"1":[0,0],"2":[0,0],"3":[0,0],"4":[0,0],"5":[0,0],"6":[0,0],"7":[0,1],"8":[0,1],"9":[0,0]},"_coverageSchema":"1a1c01bbd47fc00a2c39e90264f33305004495a9","hash":"6f3cc0aea7a3a4bd19be7731255dc22f080998d0"}
,"C:\\Users\\343GuiltySpark\\Desktop\\SE_Project\\SocialBook\\DOMS-Backend\\controllers\\donation_controller.js": {"path":"C:\\Users\\343GuiltySpark\\Desktop\\SE_Project\\SocialBook\\DOMS-Backend\\controllers\\donation_controller.js","statementMap":{"0":{"start":{"line":1,"column":16},"end":{"line":1,"column":34}},"1":{"start":{"line":2,"column":24},"end":{"line":2,"column":61}},"2":{"start":{"line":3,"column":17},"end":{"line":3,"column":46}},"3":{"start":{"line":4,"column":13},"end":{"line":4,"column":38}},"4":{"start":{"line":5,"column":27},"end":{"line":5,"column":43}},"5":{"start":{"line":6,"column":27},"end":{"line":6,"column":47}},"6":{"start":{"line":7,"column":15},"end":{"line":7,"column":48}},"7":{"start":{"line":11,"column":0},"end":{"line":28,"column":2}},"8":{"start":{"line":15,"column":4},"end":{"line":15,"column":50}},"9":{"start":{"line":16,"column":4},"end":{"line":27,"column":5}},"10":{"start":{"line":17,"column":25},"end":{"line":21,"column":10}},"11":{"start":{"line":22,"column":8},"end":{"line":22,"column":45}},"12":{"start":{"line":25,"column":8},"end":{"line":25,"column":24}},"13":{"start":{"line":26,"column":8},"end":{"line":26,"column":36}},"14":{"start":{"line":31,"column":0},"end":{"line":50,"column":2}},"15":{"start":{"line":34,"column":4},"end":{"line":49,"column":5}},"16":{"start":{"line":35,"column":25},"end":{"line":35,"column":33}},"17":{"start":{"line":36,"column":21},"end":{"line":36,"column":75}},"18":{"start":{"line":37,"column":8},"end":{"line":37,"column":59}},"19":{"start":{"line":38,"column":8},"end":{"line":45,"column":10}},"20":{"start":{"line":40,"column":12},"end":{"line":43,"column":13}},"21":{"start":{"line":41,"column":16},"end":{"line":41,"column":30}},"22":{"start":{"line":42,"column":16},"end":{"line":42,"column":45}},"23":{"start":{"line":44,"column":12},"end":{"line":44,"column":41}},"24":{"start":{"line":47,"column":8},"end":{"line":47,"column":22}},"25":{"start":{"line":48,"column":8},"end":{"line":48,"column":37}},"26":{"start":{"line":52,"column":0},"end":{"line":62,"column":2}},"27":{"start":{"line":54,"column":4},"end":{"line":61,"column":5}},"28":{"start":{"line":55,"column":23},"end":{"line":55,"column":36}},"29":{"start":{"line":56,"column":26},"end":{"line":56,"column":65}},"30":{"start":{"line":57,"column":8},"end":{"line":57,"column":39}},"31":{"start":{"line":59,"column":8},"end":{"line":59,"column":24}},"32":{"start":{"line":60,"column":8},"end":{"line":60,"column":30}},"33":{"start":{"line":64,"column":0},"end":{"line":74,"column":2}},"34":{"start":{"line":66,"column":4},"end":{"line":73,"column":5}},"35":{"start":{"line":67,"column":22},"end":{"line":67,"column":35}},"36":{"start":{"line":68,"column":26},"end":{"line":68,"column":70}},"37":{"start":{"line":69,"column":8},"end":{"line":69,"column":39}},"38":{"start":{"line":71,"column":8},"end":{"line":71,"column":24}},"39":{"start":{"line":72,"column":8},"end":{"line":72,"column":30}},"40":{"start":{"line":78,"column":0},"end":{"line":78,"column":35}}},"fnMap":{"0":{"name":"(anonymous_0)","decl":{"start":{"line":11,"column":48},"end":{"line":11,"column":49}},"loc":{"start":{"line":11,"column":68},"end":{"line":28,"column":1}},"line":11},"1":{"name":"(anonymous_1)","decl":{"start":{"line":31,"column":46},"end":{"line":31,"column":47}},"loc":{"start":{"line":31,"column":66},"end":{"line":50,"column":1}},"line":31},"2":{"name":"(anonymous_2)","decl":{"start":{"line":39,"column":8},"end":{"line":39,"column":9}},"loc":{"start":{"line":39,"column":25},"end":{"line":45,"column":9}},"line":39},"3":{"name":"(anonymous_3)","decl":{"start":{"line":52,"column":49},"end":{"line":52,"column":50}},"loc":{"start":{"line":52,"column":69},"end":{"line":62,"column":1}},"line":52},"4":{"name":"(anonymous_4)","decl":{"start":{"line":64,"column":48},"end":{"line":64,"column":49}},"loc":{"start":{"line":64,"column":68},"end":{"line":74,"column":1}},"line":64}},"branchMap":{"0":{"loc":{"start":{"line":40,"column":12},"end":{"line":43,"column":13}},"type":"if","locations":[{"start":{"line":40,"column":12},"end":{"line":43,"column":13}},{"start":{},"end":{}}],"line":40}},"s":{"0":1,"1":1,"2":1,"3":1,"4":1,"5":1,"6":1,"7":1,"8":0,"9":0,"10":0,"11":0,"12":0,"13":0,"14":1,"15":0,"16":0,"17":0,"18":0,"19":0,"20":0,"21":0,"22":0,"23":0,"24":0,"25":0,"26":1,"27":0,"28":0,"29":0,"30":0,"31":0,"32":0,"33":1,"34":0,"35":0,"36":0,"37":0,"38":0,"39":0,"40":1},"f":{"0":0,"1":0,"2":0,"3":0,"4":0},"b":{"0":[0,0]},"_coverageSchema":"1a1c01bbd47fc00a2c39e90264f33305004495a9","hash":"3b8be61558edd3d41ac1be2da96cc6705e9a7fb3"}
,"C:\\Users\\343GuiltySpark\\Desktop\\SE_Project\\SocialBook\\DOMS-Backend\\controllers\\organization_controller.js": {"path":"C:\\Users\\343GuiltySpark\\Desktop\\SE_Project\\SocialBook\\DOMS-Backend\\controllers\\organization_controller.js","statementMap":{"0":{"start":{"line":1,"column":16},"end":{"line":1,"column":34}},"1":{"start":{"line":2,"column":31},"end":{"line":2,"column":47}},"2":{"start":{"line":3,"column":21},"end":{"line":3,"column":54}},"3":{"start":{"line":4,"column":13},"end":{"line":4,"column":38}},"4":{"start":{"line":5,"column":24},"end":{"line":5,"column":61}},"5":{"start":{"line":7,"column":0},"end":{"line":15,"column":2}},"6":{"start":{"line":8,"column":4},"end":{"line":14,"column":5}},"7":{"start":{"line":9,"column":21},"end":{"line":9,"column":65}},"8":{"start":{"line":10,"column":8},"end":{"line":10,"column":34}},"9":{"start":{"line":13,"column":8},"end":{"line":13,"column":30}},"10":{"start":{"line":17,"column":0},"end":{"line":29,"column":3}},"11":{"start":{"line":18,"column":4},"end":{"line":28,"column":5}},"12":{"start":{"line":19,"column":31},"end":{"line":19,"column":44}},"13":{"start":{"line":20,"column":29},"end":{"line":20,"column":72}},"14":{"start":{"line":22,"column":8},"end":{"line":24,"column":11}},"15":{"start":{"line":26,"column":8},"end":{"line":26,"column":23}},"16":{"start":{"line":27,"column":8},"end":{"line":27,"column":31}},"17":{"start":{"line":31,"column":0},"end":{"line":46,"column":3}},"18":{"start":{"line":32,"column":4},"end":{"line":45,"column":5}},"19":{"start":{"line":33,"column":19},"end":{"line":33,"column":32}},"20":{"start":{"line":34,"column":29},"end":{"line":34,"column":60}},"21":{"start":{"line":35,"column":36},"end":{"line":35,"column":44}},"22":{"start":{"line":37,"column":8},"end":{"line":39,"column":9}},"23":{"start":{"line":38,"column":12},"end":{"line":38,"column":78}},"24":{"start":{"line":41,"column":8},"end":{"line":41,"column":58}},"25":{"start":{"line":42,"column":8},"end":{"line":42,"column":43}},"26":{"start":{"line":44,"column":8},"end":{"line":44,"column":31}},"27":{"start":{"line":48,"column":0},"end":{"line":56,"column":3}},"28":{"start":{"line":49,"column":4},"end":{"line":55,"column":5}},"29":{"start":{"line":50,"column":31},"end":{"line":50,"column":44}},"30":{"start":{"line":51,"column":34},"end":{"line":51,"column":85}},"31":{"start":{"line":52,"column":8},"end":{"line":52,"column":48}},"32":{"start":{"line":54,"column":8},"end":{"line":54,"column":31}},"33":{"start":{"line":58,"column":0},"end":{"line":58,"column":40}}},"fnMap":{"0":{"name":"(anonymous_0)","decl":{"start":{"line":7,"column":45},"end":{"line":7,"column":46}},"loc":{"start":{"line":7,"column":65},"end":{"line":15,"column":1}},"line":7},"1":{"name":"(anonymous_1)","decl":{"start":{"line":17,"column":48},"end":{"line":17,"column":49}},"loc":{"start":{"line":17,"column":68},"end":{"line":29,"column":1}},"line":17},"2":{"name":"(anonymous_2)","decl":{"start":{"line":31,"column":48},"end":{"line":31,"column":49}},"loc":{"start":{"line":31,"column":68},"end":{"line":46,"column":1}},"line":31},"3":{"name":"(anonymous_3)","decl":{"start":{"line":48,"column":54},"end":{"line":48,"column":55}},"loc":{"start":{"line":48,"column":74},"end":{"line":56,"column":1}},"line":48}},"branchMap":{"0":{"loc":{"start":{"line":37,"column":8},"end":{"line":39,"column":9}},"type":"if","locations":[{"start":{"line":37,"column":8},"end":{"line":39,"column":9}},{"start":{},"end":{}}],"line":37}},"s":{"0":1,"1":1,"2":1,"3":1,"4":1,"5":1,"6":0,"7":0,"8":0,"9":0,"10":1,"11":0,"12":0,"13":0,"14":0,"15":0,"16":0,"17":1,"18":0,"19":0,"20":0,"21":0,"22":0,"23":0,"24":0,"25":0,"26":0,"27":1,"28":0,"29":0,"30":0,"31":0,"32":0,"33":1},"f":{"0":0,"1":0,"2":0,"3":0},"b":{"0":[0,0]},"_coverageSchema":"1a1c01bbd47fc00a2c39e90264f33305004495a9","hash":"2a2476a852863ee19745f4df4112452e42b21e5c"}
,"C:\\Users\\343GuiltySpark\\Desktop\\SE_Project\\SocialBook\\DOMS-Backend\\controllers\\post_controller.js": {"path":"C:\\Users\\343GuiltySpark\\Desktop\\SE_Project\\SocialBook\\DOMS-Backend\\controllers\\post_controller.js","statementMap":{"0":{"start":{"line":1,"column":16},"end":{"line":1,"column":34}},"1":{"start":{"line":2,"column":23},"end":{"line":2,"column":39}},"2":{"start":{"line":3,"column":13},"end":{"line":3,"column":38}},"3":{"start":{"line":4,"column":24},"end":{"line":4,"column":61}},"4":{"start":{"line":6,"column":0},"end":{"line":29,"column":3}},"5":{"start":{"line":8,"column":27},"end":{"line":8,"column":50}},"6":{"start":{"line":9,"column":29},"end":{"line":9,"column":54}},"7":{"start":{"line":10,"column":21},"end":{"line":10,"column":38}},"8":{"start":{"line":11,"column":21},"end":{"line":11,"column":38}},"9":{"start":{"line":12,"column":22},"end":{"line":12,"column":40}},"10":{"start":{"line":14,"column":4},"end":{"line":28,"column":6}},"11":{"start":{"line":21,"column":8},"end":{"line":23,"column":9}},"12":{"start":{"line":22,"column":12},"end":{"line":22,"column":42}},"13":{"start":{"line":25,"column":8},"end":{"line":27,"column":10}},"14":{"start":{"line":31,"column":0},"end":{"line":39,"column":3}},"15":{"start":{"line":32,"column":4},"end":{"line":38,"column":5}},"16":{"start":{"line":33,"column":22},"end":{"line":33,"column":41}},"17":{"start":{"line":34,"column":8},"end":{"line":34,"column":36}},"18":{"start":{"line":36,"column":8},"end":{"line":36,"column":23}},"19":{"start":{"line":37,"column":8},"end":{"line":37,"column":31}},"20":{"start":{"line":41,"column":0},"end":{"line":51,"column":3}},"21":{"start":{"line":42,"column":4},"end":{"line":50,"column":5}},"22":{"start":{"line":43,"column":23},"end":{"line":43,"column":36}},"23":{"start":{"line":44,"column":21},"end":{"line":44,"column":48}},"24":{"start":{"line":46,"column":8},"end":{"line":46,"column":35}},"25":{"start":{"line":48,"column":8},"end":{"line":49,"column":11}},"26":{"start":{"line":53,"column":0},"end":{"line":53,"column":32}}},"fnMap":{"0":{"name":"(anonymous_0)","decl":{"start":{"line":6,"column":37},"end":{"line":6,"column":38}},"loc":{"start":{"line":6,"column":57},"end":{"line":29,"column":1}},"line":6},"1":{"name":"(anonymous_1)","decl":{"start":{"line":20,"column":7},"end":{"line":20,"column":8}},"loc":{"start":{"line":20,"column":20},"end":{"line":28,"column":5}},"line":20},"2":{"name":"(anonymous_2)","decl":{"start":{"line":31,"column":36},"end":{"line":31,"column":37}},"loc":{"start":{"line":31,"column":56},"end":{"line":39,"column":1}},"line":31},"3":{"name":"(anonymous_3)","decl":{"start":{"line":41,"column":40},"end":{"line":41,"column":41}},"loc":{"start":{"line":41,"column":60},"end":{"line":51,"column":1}},"line":41}},"branchMap":{"0":{"loc":{"start":{"line":21,"column":8},"end":{"line":23,"column":9}},"type":"if","locations":[{"start":{"line":21,"column":8},"end":{"line":23,"column":9}},{"start":{},"end":{}}],"line":21}},"s":{"0":1,"1":1,"2":1,"3":1,"4":1,"5":0,"6":0,"7":0,"8":0,"9":0,"10":0,"11":0,"12":0,"13":0,"14":1,"15":0,"16":0,"17":0,"18":0,"19":0,"20":1,"21":0,"22":0,"23":0,"24":0,"25":0,"26":1},"f":{"0":0,"1":0,"2":0,"3":0},"b":{"0":[0,0]},"_coverageSchema":"1a1c01bbd47fc00a2c39e90264f33305004495a9","hash":"03710c9ff46add807715de820f6b0b0755daeb93"}
,"C:\\Users\\343GuiltySpark\\Desktop\\SE_Project\\SocialBook\\DOMS-Backend\\controllers\\user_controller.js": {"path":"C:\\Users\\343GuiltySpark\\Desktop\\SE_Project\\SocialBook\\DOMS-Backend\\controllers\\user_controller.js","statementMap":{"0":{"start":{"line":1,"column":16},"end":{"line":1,"column":34}},"1":{"start":{"line":2,"column":23},"end":{"line":2,"column":39}},"2":{"start":{"line":3,"column":13},"end":{"line":3,"column":38}},"3":{"start":{"line":4,"column":24},"end":{"line":4,"column":61}},"4":{"start":{"line":6,"column":0},"end":{"line":16,"column":3}},"5":{"start":{"line":7,"column":4},"end":{"line":15,"column":5}},"6":{"start":{"line":8,"column":23},"end":{"line":8,"column":36}},"7":{"start":{"line":9,"column":21},"end":{"line":9,"column":48}},"8":{"start":{"line":10,"column":8},"end":{"line":12,"column":11}},"9":{"start":{"line":14,"column":8},"end":{"line":14,"column":31}},"10":{"start":{"line":18,"column":0},"end":{"line":33,"column":3}},"11":{"start":{"line":19,"column":4},"end":{"line":32,"column":5}},"12":{"start":{"line":20,"column":19},"end":{"line":20,"column":32}},"13":{"start":{"line":21,"column":21},"end":{"line":21,"column":44}},"14":{"start":{"line":22,"column":28},"end":{"line":22,"column":36}},"15":{"start":{"line":24,"column":8},"end":{"line":26,"column":9}},"16":{"start":{"line":25,"column":12},"end":{"line":25,"column":70}},"17":{"start":{"line":28,"column":8},"end":{"line":28,"column":42}},"18":{"start":{"line":29,"column":8},"end":{"line":29,"column":35}},"19":{"start":{"line":31,"column":8},"end":{"line":31,"column":31}},"20":{"start":{"line":35,"column":0},"end":{"line":35,"column":32}}},"fnMap":{"0":{"name":"(anonymous_0)","decl":{"start":{"line":6,"column":40},"end":{"line":6,"column":41}},"loc":{"start":{"line":6,"column":60},"end":{"line":16,"column":1}},"line":6},"1":{"name":"(anonymous_1)","decl":{"start":{"line":18,"column":40},"end":{"line":18,"column":41}},"loc":{"start":{"line":18,"column":60},"end":{"line":33,"column":1}},"line":18}},"branchMap":{"0":{"loc":{"start":{"line":24,"column":8},"end":{"line":26,"column":9}},"type":"if","locations":[{"start":{"line":24,"column":8},"end":{"line":26,"column":9}},{"start":{},"end":{}}],"line":24}},"s":{"0":1,"1":1,"2":1,"3":1,"4":1,"5":1,"6":1,"7":1,"8":1,"9":0,"10":1,"11":0,"12":0,"13":0,"14":0,"15":0,"16":0,"17":0,"18":0,"19":0,"20":1},"f":{"0":1,"1":0},"b":{"0":[0,0]},"_coverageSchema":"1a1c01bbd47fc00a2c39e90264f33305004495a9","hash":"b824559953c3d195e7b4c6bf62af5582e9ce4647"}
,"C:\\Users\\343GuiltySpark\\Desktop\\SE_Project\\SocialBook\\DOMS-Backend\\controllers\\visits_controller.js": {"path":"C:\\Users\\343GuiltySpark\\Desktop\\SE_Project\\SocialBook\\DOMS-Backend\\controllers\\visits_controller.js","statementMap":{"0":{"start":{"line":1,"column":16},"end":{"line":1,"column":34}},"1":{"start":{"line":2,"column":24},"end":{"line":2,"column":61}},"2":{"start":{"line":3,"column":14},"end":{"line":3,"column":40}},"3":{"start":{"line":4,"column":21},"end":{"line":4,"column":54}},"4":{"start":{"line":5,"column":13},"end":{"line":5,"column":38}},"5":{"start":{"line":6,"column":25},"end":{"line":6,"column":41}},"6":{"start":{"line":8,"column":0},"end":{"line":26,"column":3}},"7":{"start":{"line":10,"column":18},"end":{"line":10,"column":26}},"8":{"start":{"line":11,"column":17},"end":{"line":11,"column":68}},"9":{"start":{"line":12,"column":4},"end":{"line":25,"column":6}},"10":{"start":{"line":18,"column":12},"end":{"line":21,"column":13}},"11":{"start":{"line":19,"column":16},"end":{"line":19,"column":31}},"12":{"start":{"line":20,"column":16},"end":{"line":20,"column":39}},"13":{"start":{"line":23,"column":12},"end":{"line":23,"column":40}},"14":{"start":{"line":28,"column":0},"end":{"line":43,"column":3}},"15":{"start":{"line":29,"column":4},"end":{"line":42,"column":5}},"16":{"start":{"line":30,"column":29},"end":{"line":30,"column":37}},"17":{"start":{"line":31,"column":19},"end":{"line":31,"column":32}},"18":{"start":{"line":32,"column":22},"end":{"line":32,"column":46}},"19":{"start":{"line":34,"column":8},"end":{"line":36,"column":9}},"20":{"start":{"line":35,"column":12},"end":{"line":35,"column":71}},"21":{"start":{"line":38,"column":8},"end":{"line":38,"column":44}},"22":{"start":{"line":39,"column":8},"end":{"line":39,"column":36}},"23":{"start":{"line":41,"column":8},"end":{"line":41,"column":31}},"24":{"start":{"line":45,"column":0},"end":{"line":54,"column":3}},"25":{"start":{"line":47,"column":4},"end":{"line":53,"column":5}},"26":{"start":{"line":48,"column":19},"end":{"line":48,"column":32}},"27":{"start":{"line":49,"column":22},"end":{"line":49,"column":46}},"28":{"start":{"line":50,"column":8},"end":{"line":50,"column":36}},"29":{"start":{"line":52,"column":8},"end":{"line":52,"column":31}},"30":{"start":{"line":56,"column":0},"end":{"line":64,"column":3}},"31":{"start":{"line":57,"column":4},"end":{"line":63,"column":5}},"32":{"start":{"line":58,"column":19},"end":{"line":58,"column":32}},"33":{"start":{"line":59,"column":8},"end":{"line":59,"column":43}},"34":{"start":{"line":60,"column":8},"end":{"line":60,"column":31}},"35":{"start":{"line":62,"column":8},"end":{"line":62,"column":31}},"36":{"start":{"line":66,"column":0},"end":{"line":75,"column":3}},"37":{"start":{"line":68,"column":4},"end":{"line":74,"column":5}},"38":{"start":{"line":69,"column":23},"end":{"line":69,"column":36}},"39":{"start":{"line":70,"column":23},"end":{"line":70,"column":59}},"40":{"start":{"line":71,"column":8},"end":{"line":71,"column":37}},"41":{"start":{"line":73,"column":8},"end":{"line":73,"column":31}},"42":{"start":{"line":77,"column":0},"end":{"line":86,"column":3}},"43":{"start":{"line":79,"column":4},"end":{"line":85,"column":5}},"44":{"start":{"line":80,"column":22},"end":{"line":80,"column":35}},"45":{"start":{"line":81,"column":23},"end":{"line":81,"column":66}},"46":{"start":{"line":82,"column":8},"end":{"line":82,"column":37}},"47":{"start":{"line":84,"column":8},"end":{"line":84,"column":31}},"48":{"start":{"line":89,"column":0},"end":{"line":96,"column":3}},"49":{"start":{"line":90,"column":4},"end":{"line":95,"column":5}},"50":{"start":{"line":91,"column":34},"end":{"line":91,"column":86}},"51":{"start":{"line":92,"column":8},"end":{"line":92,"column":48}},"52":{"start":{"line":94,"column":8},"end":{"line":94,"column":30}},"53":{"start":{"line":98,"column":0},"end":{"line":98,"column":34}}},"fnMap":{"0":{"name":"(anonymous_0)","decl":{"start":{"line":8,"column":40},"end":{"line":8,"column":41}},"loc":{"start":{"line":8,"column":60},"end":{"line":26,"column":1}},"line":8},"1":{"name":"(anonymous_1)","decl":{"start":{"line":17,"column":8},"end":{"line":17,"column":9}},"loc":{"start":{"line":17,"column":22},"end":{"line":24,"column":9}},"line":17},"2":{"name":"(anonymous_2)","decl":{"start":{"line":28,"column":42},"end":{"line":28,"column":43}},"loc":{"start":{"line":28,"column":62},"end":{"line":43,"column":1}},"line":28},"3":{"name":"(anonymous_3)","decl":{"start":{"line":45,"column":42},"end":{"line":45,"column":43}},"loc":{"start":{"line":45,"column":62},"end":{"line":54,"column":1}},"line":45},"4":{"name":"(anonymous_4)","decl":{"start":{"line":56,"column":45},"end":{"line":56,"column":46}},"loc":{"start":{"line":56,"column":65},"end":{"line":64,"column":1}},"line":56},"5":{"name":"(anonymous_5)","decl":{"start":{"line":66,"column":47},"end":{"line":66,"column":48}},"loc":{"start":{"line":66,"column":67},"end":{"line":75,"column":1}},"line":66},"6":{"name":"(anonymous_6)","decl":{"start":{"line":77,"column":46},"end":{"line":77,"column":47}},"loc":{"start":{"line":77,"column":66},"end":{"line":86,"column":1}},"line":77},"7":{"name":"(anonymous_7)","decl":{"start":{"line":89,"column":47},"end":{"line":89,"column":48}},"loc":{"start":{"line":89,"column":67},"end":{"line":96,"column":1}},"line":89}},"branchMap":{"0":{"loc":{"start":{"line":18,"column":12},"end":{"line":21,"column":13}},"type":"if","locations":[{"start":{"line":18,"column":12},"end":{"line":21,"column":13}},{"start":{},"end":{}}],"line":18},"1":{"loc":{"start":{"line":34,"column":8},"end":{"line":36,"column":9}},"type":"if","locations":[{"start":{"line":34,"column":8},"end":{"line":36,"column":9}},{"start":{},"end":{}}],"line":34}},"s":{"0":1,"1":1,"2":1,"3":1,"4":1,"5":1,"6":1,"7":0,"8":0,"9":0,"10":0,"11":0,"12":0,"13":0,"14":1,"15":0,"16":0,"17":0,"18":0,"19":0,"20":0,"21":0,"22":0,"23":0,"24":1,"25":0,"26":0,"27":0,"28":0,"29":0,"30":1,"31":0,"32":0,"33":0,"34":0,"35":0,"36":1,"37":1,"38":1,"39":1,"40":1,"41":0,"42":1,"43":0,"44":0,"45":0,"46":0,"47":0,"48":1,"49":0,"50":0,"51":0,"52":0,"53":1},"f":{"0":0,"1":0,"2":0,"3":0,"4":0,"5":1,"6":0,"7":0},"b":{"0":[0,0],"1":[0,0]},"_coverageSchema":"1a1c01bbd47fc00a2c39e90264f33305004495a9","hash":"016b13ae31d0f6b6c54780a948ac0f43ba6a6197"}
,"C:\\Users\\343GuiltySpark\\Desktop\\SE_Project\\SocialBook\\DOMS-Backend\\middleware\\request_logger.js": {"path":"C:\\Users\\343GuiltySpark\\Desktop\\SE_Project\\SocialBook\\DOMS-Backend\\middleware\\request_logger.js","statementMap":{"0":{"start":{"line":1,"column":22},"end":{"line":7,"column":1}},"1":{"start":{"line":2,"column":4},"end":{"line":2,"column":56}},"2":{"start":{"line":3,"column":4},"end":{"line":3,"column":41}},"3":{"start":{"line":4,"column":4},"end":{"line":4,"column":37}},"4":{"start":{"line":5,"column":4},"end":{"line":5,"column":37}},"5":{"start":{"line":6,"column":4},"end":{"line":6,"column":11}},"6":{"start":{"line":9,"column":0},"end":{"line":9,"column":31}}},"fnMap":{"0":{"name":"(anonymous_0)","decl":{"start":{"line":1,"column":22},"end":{"line":1,"column":23}},"loc":{"start":{"line":1,"column":40},"end":{"line":7,"column":1}},"line":1}},"branchMap":{},"s":{"0":1,"1":8,"2":8,"3":8,"4":8,"5":8,"6":1},"f":{"0":8},"b":{},"_coverageSchema":"1a1c01bbd47fc00a2c39e90264f33305004495a9","hash":"9f5b907946addb3bda98438ebadb025918cdfe94"}
,"C:\\Users\\343GuiltySpark\\Desktop\\SE_Project\\SocialBook\\DOMS-Backend\\middleware\\verify_token.js": {"path":"C:\\Users\\343GuiltySpark\\Desktop\\SE_Project\\SocialBook\\DOMS-Backend\\middleware\\verify_token.js","statementMap":{"0":{"start":{"line":1,"column":12},"end":{"line":1,"column":35}},"1":{"start":{"line":2,"column":19},"end":{"line":2,"column":39}},"2":{"start":{"line":4,"column":20},"end":{"line":24,"column":1}},"3":{"start":{"line":5,"column":18},"end":{"line":5,"column":47}},"4":{"start":{"line":6,"column":4},"end":{"line":11,"column":5}},"5":{"start":{"line":7,"column":8},"end":{"line":7,"column":41}},"6":{"start":{"line":8,"column":8},"end":{"line":10,"column":84}},"7":{"start":{"line":13,"column":4},"end":{"line":23,"column":7}},"8":{"start":{"line":14,"column":8},"end":{"line":19,"column":9}},"9":{"start":{"line":15,"column":12},"end":{"line":15,"column":29}},"10":{"start":{"line":16,"column":12},"end":{"line":18,"column":81}},"11":{"start":{"line":21,"column":8},"end":{"line":21,"column":32}},"12":{"start":{"line":22,"column":8},"end":{"line":22,"column":15}},"13":{"start":{"line":26,"column":0},"end":{"line":26,"column":33}}},"fnMap":{"0":{"name":"(anonymous_0)","decl":{"start":{"line":4,"column":20},"end":{"line":4,"column":21}},"loc":{"start":{"line":4,"column":40},"end":{"line":24,"column":1}},"line":4},"1":{"name":"(anonymous_1)","decl":{"start":{"line":13,"column":30},"end":{"line":13,"column":31}},"loc":{"start":{"line":13,"column":48},"end":{"line":23,"column":5}},"line":13}},"branchMap":{"0":{"loc":{"start":{"line":6,"column":4},"end":{"line":11,"column":5}},"type":"if","locations":[{"start":{"line":6,"column":4},"end":{"line":11,"column":5}},{"start":{},"end":{}}],"line":6},"1":{"loc":{"start":{"line":14,"column":8},"end":{"line":19,"column":9}},"type":"if","locations":[{"start":{"line":14,"column":8},"end":{"line":19,"column":9}},{"start":{},"end":{}}],"line":14}},"s":{"0":1,"1":1,"2":1,"3":5,"4":5,"5":3,"6":3,"7":2,"8":2,"9":0,"10":0,"11":2,"12":2,"13":1},"f":{"0":5,"1":2},"b":{"0":[3,2],"1":[0,2]},"_coverageSchema":"1a1c01bbd47fc00a2c39e90264f33305004495a9","hash":"c2f1639385ad59b5553533bb740b0d3090041573"}
,"C:\\Users\\343GuiltySpark\\Desktop\\SE_Project\\SocialBook\\DOMS-Backend\\models\\donation.js": {"path":"C:\\Users\\343GuiltySpark\\Desktop\\SE_Project\\SocialBook\\DOMS-Backend\\models\\donation.js","statementMap":{"0":{"start":{"line":1,"column":17},"end":{"line":1,"column":36}},"1":{"start":{"line":4,"column":23},"end":{"line":29,"column":2}},"2":{"start":{"line":31,"column":0},"end":{"line":31,"column":42}},"3":{"start":{"line":32,"column":0},"end":{"line":32,"column":43}}},"fnMap":{},"branchMap":{},"s":{"0":1,"1":1,"2":1,"3":1},"f":{},"b":{},"_coverageSchema":"1a1c01bbd47fc00a2c39e90264f33305004495a9","hash":"fb646fc2f1fa580c8ea4c1f8a666430fe23df07e"}
,"C:\\Users\\343GuiltySpark\\Desktop\\SE_Project\\SocialBook\\DOMS-Backend\\models\\organization.js": {"path":"C:\\Users\\343GuiltySpark\\Desktop\\SE_Project\\SocialBook\\DOMS-Backend\\models\\organization.js","statementMap":{"0":{"start":{"line":1,"column":17},"end":{"line":1,"column":36}},"1":{"start":{"line":3,"column":27},"end":{"line":32,"column":2}},"2":{"start":{"line":34,"column":0},"end":{"line":34,"column":51}},"3":{"start":{"line":35,"column":0},"end":{"line":35,"column":48}}},"fnMap":{},"branchMap":{},"s":{"0":1,"1":1,"2":1,"3":1},"f":{},"b":{},"_coverageSchema":"1a1c01bbd47fc00a2c39e90264f33305004495a9","hash":"0d2b955488c0f6675eeab3eb67fe9b65afe1836b"}
,"C:\\Users\\343GuiltySpark\\Desktop\\SE_Project\\SocialBook\\DOMS-Backend\\models\\post.js": {"path":"C:\\Users\\343GuiltySpark\\Desktop\\SE_Project\\SocialBook\\DOMS-Backend\\models\\post.js","statementMap":{"0":{"start":{"line":1,"column":18},"end":{"line":1,"column":37}},"1":{"start":{"line":3,"column":19},"end":{"line":24,"column":2}},"2":{"start":{"line":26,"column":0},"end":{"line":26,"column":35}},"3":{"start":{"line":27,"column":0},"end":{"line":27,"column":40}}},"fnMap":{},"branchMap":{},"s":{"0":1,"1":1,"2":1,"3":1},"f":{},"b":{},"_coverageSchema":"1a1c01bbd47fc00a2c39e90264f33305004495a9","hash":"b3c0075dfe824b2f78f82b8ed38ccbc86664adf3"}
,"C:\\Users\\343GuiltySpark\\Desktop\\SE_Project\\SocialBook\\DOMS-Backend\\models\\user.js": {"path":"C:\\Users\\343GuiltySpark\\Desktop\\SE_Project\\SocialBook\\DOMS-Backend\\models\\user.js","statementMap":{"0":{"start":{"line":1,"column":17},"end":{"line":1,"column":36}},"1":{"start":{"line":5,"column":19},"end":{"line":28,"column":2}},"2":{"start":{"line":30,"column":0},"end":{"line":30,"column":51}}},"fnMap":{},"branchMap":{},"s":{"0":1,"1":1,"2":1},"f":{},"b":{},"_coverageSchema":"1a1c01bbd47fc00a2c39e90264f33305004495a9","hash":"6e8c6698bb8e895a70b29e8986212416fef7b7e0"}
,"C:\\Users\\343GuiltySpark\\Desktop\\SE_Project\\SocialBook\\DOMS-Backend\\models\\visit.js": {"path":"C:\\Users\\343GuiltySpark\\Desktop\\SE_Project\\SocialBook\\DOMS-Backend\\models\\visit.js","statementMap":{"0":{"start":{"line":1,"column":17},"end":{"line":1,"column":36}},"1":{"start":{"line":3,"column":20},"end":{"line":28,"column":2}},"2":{"start":{"line":30,"column":0},"end":{"line":30,"column":37}},"3":{"start":{"line":31,"column":0},"end":{"line":31,"column":41}}},"fnMap":{},"branchMap":{},"s":{"0":1,"1":1,"2":1,"3":1},"f":{},"b":{},"_coverageSchema":"1a1c01bbd47fc00a2c39e90264f33305004495a9","hash":"1fa3199d9a9d790c8e70b0784cf6c17b921875ec"}
,"C:\\Users\\343GuiltySpark\\Desktop\\SE_Project\\SocialBook\\DOMS-Backend\\services\\authentication.js": {"path":"C:\\Users\\343GuiltySpark\\Desktop\\SE_Project\\SocialBook\\DOMS-Backend\\services\\authentication.js","statementMap":{"0":{"start":{"line":1,"column":12},"end":{"line":1,"column":35}},"1":{"start":{"line":2,"column":19},"end":{"line":2,"column":39}},"2":{"start":{"line":4,"column":22},"end":{"line":10,"column":1}},"3":{"start":{"line":5,"column":18},"end":{"line":7,"column":6}},"4":{"start":{"line":9,"column":4},"end":{"line":9,"column":17}},"5":{"start":{"line":12,"column":0},"end":{"line":12,"column":35}}},"fnMap":{"0":{"name":"(anonymous_0)","decl":{"start":{"line":4,"column":22},"end":{"line":4,"column":23}},"loc":{"start":{"line":4,"column":30},"end":{"line":10,"column":1}},"line":4}},"branchMap":{},"s":{"0":1,"1":1,"2":1,"3":1,"4":1,"5":1},"f":{"0":1},"b":{},"_coverageSchema":"1a1c01bbd47fc00a2c39e90264f33305004495a9","hash":"139dd674764c46392451344a9a6c3a7887624a73"}
,"C:\\Users\\343GuiltySpark\\Desktop\\SE_Project\\SocialBook\\DOMS-Backend\\services\\database.js": {"path":"C:\\Users\\343GuiltySpark\\Desktop\\SE_Project\\SocialBook\\DOMS-Backend\\services\\database.js","statementMap":{"0":{"start":{"line":1,"column":17},"end":{"line":1,"column":36}},"1":{"start":{"line":2,"column":24},"end":{"line":2,"column":44}},"2":{"start":{"line":4,"column":0},"end":{"line":16,"column":7}},"3":{"start":{"line":10,"column":8},"end":{"line":10,"column":45}},"4":{"start":{"line":11,"column":8},"end":{"line":11,"column":33}},"5":{"start":{"line":14,"column":8},"end":{"line":14,"column":25}},"6":{"start":{"line":15,"column":8},"end":{"line":15,"column":52}}},"fnMap":{"0":{"name":"(anonymous_0)","decl":{"start":{"line":9,"column":10},"end":{"line":9,"column":11}},"loc":{"start":{"line":9,"column":16},"end":{"line":12,"column":5}},"line":9},"1":{"name":"(anonymous_1)","decl":{"start":{"line":13,"column":11},"end":{"line":13,"column":12}},"loc":{"start":{"line":13,"column":20},"end":{"line":16,"column":5}},"line":13}},"branchMap":{},"s":{"0":1,"1":1,"2":1,"3":1,"4":1,"5":0,"6":0},"f":{"0":1,"1":0},"b":{},"_coverageSchema":"1a1c01bbd47fc00a2c39e90264f33305004495a9","hash":"17311777b822921c1bd9023ff9c814f5b040bacd"}
}
